Release 14.4 - ngc2edif P.49d (nt64)
Copyright (c) 1995-2012 Xilinx, Inc.  All rights reserved.
Reading design Clock.ngc ...
WARNING:NetListWriters:298 - No output is written to Clock.xncf, ignored.
Processing design ...
   Preping design's networks ...
   Preping design's macros ...
  finished :Prep
Writing EDIF netlist file Clock.edif ...
ngc2edif: Total memory usage is 81168 kilobytes

Release 14.4 - ngc2edif P.49d (nt64)
Copyright (c) 1995-2012 Xilinx, Inc.  All rights reserved.
Reading design Memory.ngc ...
WARNING:NetListWriters:298 - No output is written to Memory.xncf, ignored.
Processing design ...
   Preping design's networks ...
   Preping design's macros ...
  finished :Prep
Writing EDIF netlist file Memory.edif ...
ngc2edif: Total memory usage is 81808 kilobytes

Release 14.4 - ngc2edif P.49d (nt64)
Copyright (c) 1995-2012 Xilinx, Inc.  All rights reserved.
Reading design Memory.ngc ...
WARNING:NetListWriters:298 - No output is written to Memory.xncf, ignored.
Processing design ...
   Preping design's networks ...
   Preping design's macros ...
  finished :Prep
Writing EDIF netlist file Memory.edif ...
ngc2edif: Total memory usage is 81360 kilobytes

Release 14.4 - ngc2edif P.49d (nt64)
Copyright (c) 1995-2012 Xilinx, Inc.  All rights reserved.
Reading design Memory.ngc ...
WARNING:NetListWriters:298 - No output is written to Memory.xncf, ignored.
Processing design ...
   Preping design's networks ...
   Preping design's macros ...
  finished :Prep
Writing EDIF netlist file Memory.edif ...
ngc2edif: Total memory usage is 81360 kilobytes

Release 14.4 - ngc2edif P.49d (nt64)
Copyright (c) 1995-2012 Xilinx, Inc.  All rights reserved.
Reading design Memory.ngc ...
WARNING:NetListWriters:298 - No output is written to Memory.xncf, ignored.
Processing design ...
   Preping design's networks ...
   Preping design's macros ...
  finished :Prep
Writing EDIF netlist file Memory.edif ...
ngc2edif: Total memory usage is 81360 kilobytes

Release 14.4 - ngc2edif P.49d (nt64)
Copyright (c) 1995-2012 Xilinx, Inc.  All rights reserved.
Reading design Memory.ngc ...
WARNING:NetListWriters:298 - No output is written to Memory.xncf, ignored.
Processing design ...
   Preping design's networks ...
   Preping design's macros ...
  finished :Prep
Writing EDIF netlist file Memory.edif ...
ngc2edif: Total memory usage is 81808 kilobytes

Release 14.4 - ngc2edif P.49d (nt64)
Copyright (c) 1995-2012 Xilinx, Inc.  All rights reserved.
Reading design Memory.ngc ...
WARNING:NetListWriters:298 - No output is written to Memory.xncf, ignored.
Processing design ...
   Preping design's networks ...
   Preping design's macros ...
  finished :Prep
Writing EDIF netlist file Memory.edif ...
ngc2edif: Total memory usage is 81360 kilobytes

Release 14.4 - ngc2edif P.49d (nt64)
Copyright (c) 1995-2012 Xilinx, Inc.  All rights reserved.
Reading design RegisterHeap.ngc ...
WARNING:NetListWriters:298 - No output is written to RegisterHeap.xncf, ignored.
Processing design ...
   Preping design's networks ...
   Preping design's macros ...
  finished :Prep
Writing EDIF netlist file RegisterHeap.edif ...
ngc2edif: Total memory usage is 81360 kilobytes

Release 14.4 - ngc2edif P.49d (nt64)
Copyright (c) 1995-2012 Xilinx, Inc.  All rights reserved.
Reading design RegisterHeap.ngc ...
WARNING:NetListWriters:298 - No output is written to RegisterHeap.xncf, ignored.
Processing design ...
   Preping design's networks ...
   Preping design's macros ...
  finished :Prep
Writing EDIF netlist file RegisterHeap.edif ...
ngc2edif: Total memory usage is 81168 kilobytes

Release 14.4 - ngc2edif P.49d (nt64)
Copyright (c) 1995-2012 Xilinx, Inc.  All rights reserved.
Reading design RegisterHeap.ngc ...
WARNING:NetListWriters:298 - No output is written to RegisterHeap.xncf, ignored.
Processing design ...
   Preping design's networks ...
   Preping design's macros ...
  finished :Prep
Writing EDIF netlist file RegisterHeap.edif ...
ngc2edif: Total memory usage is 81360 kilobytes

Release 14.4 - ngc2edif P.49d (nt64)
Copyright (c) 1995-2012 Xilinx, Inc.  All rights reserved.
Reading design Singleregister.ngc ...
WARNING:NetListWriters:298 - No output is written to Singleregister.xncf,
   ignored.
Processing design ...
   Preping design's networks ...
   Preping design's macros ...
  finished :Prep
Writing EDIF netlist file Singleregister.edif ...
ngc2edif: Total memory usage is 81360 kilobytes

Release 14.4 - ngc2edif P.49d (nt64)
Copyright (c) 1995-2012 Xilinx, Inc.  All rights reserved.
Reading design Singleregister.ngc ...
WARNING:NetListWriters:298 - No output is written to Singleregister.xncf,
   ignored.
Processing design ...
   Preping design's networks ...
   Preping design's macros ...
  finished :Prep
Writing EDIF netlist file Singleregister.edif ...
ngc2edif: Total memory usage is 81360 kilobytes

Release 14.4 - ngc2edif P.49d (nt64)
Copyright (c) 1995-2012 Xilinx, Inc.  All rights reserved.
Reading design System.ngc ...
WARNING:NetListWriters:298 - No output is written to System.xncf, ignored.
Processing design ...
   Preping design's networks ...
   Preping design's macros ...
WARNING:NetListWriters:306 - Signal bus ins_mem/data_out<14 : 8> on block System
   is not reconstructed, because there are some missing bus signals.
  finished :Prep
Writing EDIF netlist file System.edif ...
ngc2edif: Total memory usage is 81616 kilobytes

Release 14.4 - ngc2edif P.49d (nt64)
Copyright (c) 1995-2012 Xilinx, Inc.  All rights reserved.
Reading design System.ngc ...
WARNING:NetListWriters:298 - No output is written to System.xncf, ignored.
Processing design ...
   Preping design's networks ...
   Preping design's macros ...
WARNING:NetListWriters:306 - Signal bus if_id_part/ins_out<14 : 8> on block
   System is not reconstructed, because there are some missing bus signals.
WARNING:NetListWriters:306 - Signal bus ins_mem/data_out<14 : 8> on block System
   is not reconstructed, because there are some missing bus signals.
  finished :Prep
Writing EDIF netlist file System.edif ...
ngc2edif: Total memory usage is 82256 kilobytes

Release 14.4 - ngc2edif P.49d (nt64)
Copyright (c) 1995-2012 Xilinx, Inc.  All rights reserved.
Reading design System.ngc ...
WARNING:NetListWriters:298 - No output is written to System.xncf, ignored.
Processing design ...
   Preping design's networks ...
   Preping design's macros ...
WARNING:NetListWriters:306 - Signal bus exe_mem_part/wb_out<3 : 0> on block
   System is not reconstructed, because there are some missing bus signals.
WARNING:NetListWriters:306 - Signal bus exec_id<4 : 0> on block System is not
   reconstructed, because there are some missing bus signals.
WARNING:NetListWriters:306 - Signal bus id_exe_part/exe_out<6 : 0> on block
   System is not reconstructed, because there are some missing bus signals.
WARNING:NetListWriters:306 - Signal bus id_exe_part/wb_out<3 : 0> on block
   System is not reconstructed, because there are some missing bus signals.
WARNING:NetListWriters:306 - Signal bus if_id_part/ins_out<14 : 0> on block
   System is not reconstructed, because there are some missing bus signals.
WARNING:NetListWriters:306 - Signal bus ins_if<13 : 0> on block System is not
   reconstructed, because there are some missing bus signals.
WARNING:NetListWriters:306 - Signal bus mem_wb_part/wb_out<3 : 0> on block
   System is not reconstructed, because there are some missing bus signals.
WARNING:NetListWriters:306 - Signal bus memc_exe<11 : 5> on block System is not
   reconstructed, because there are some missing bus signals.
WARNING:NetListWriters:306 - Signal bus memc_id<11 : 5> on block System is not
   reconstructed, because there are some missing bus signals.
  finished :Prep
Writing EDIF netlist file System.edif ...
ngc2edif: Total memory usage is 82896 kilobytes

Release 14.4 - ngc2edif P.49d (nt64)
Copyright (c) 1995-2012 Xilinx, Inc.  All rights reserved.
Reading design System.ngc ...
WARNING:NetListWriters:298 - No output is written to System.xncf, ignored.
Processing design ...
   Preping design's networks ...
   Preping design's macros ...
WARNING:NetListWriters:306 - Signal bus PC_jumper/Madd_output_add0000_lut<15 :
   0> on block System is not reconstructed, because there are some missing bus
   signals.
WARNING:NetListWriters:306 - Signal bus data1_u<15 : 0> on block System is not
   reconstructed, because there are some missing bus signals.
WARNING:NetListWriters:306 - Signal bus exe_mem_part/mem_out<11 : 0> on block
   System is not reconstructed, because there are some missing bus signals.
WARNING:NetListWriters:306 - Signal bus exec_id<7 : 0> on block System is not
   reconstructed, because there are some missing bus signals.
WARNING:NetListWriters:306 - Signal bus id_exe_part/exe_out<7 : 1> on block
   System is not reconstructed, because there are some missing bus signals.
WARNING:NetListWriters:306 - Signal bus id_exe_part/mem_out<11 : 0> on block
   System is not reconstructed, because there are some missing bus signals.
WARNING:NetListWriters:306 - Signal bus id_exe_part/s10_0_out<9 : 0> on block
   System is not reconstructed, because there are some missing bus signals.
WARNING:NetListWriters:306 - Signal bus if_id_part/ins_out<15 : 0> on block
   System is not reconstructed, because there are some missing bus signals.
WARNING:NetListWriters:306 - Signal bus ins_if<14 : 0> on block System is not
   reconstructed, because there are some missing bus signals.
WARNING:NetListWriters:306 - Signal bus memc_exe<11 : 0> on block System is not
   reconstructed, because there are some missing bus signals.
WARNING:NetListWriters:306 - Signal bus memc_id<11 : 0> on block System is not
   reconstructed, because there are some missing bus signals.
  finished :Prep
Writing EDIF netlist file System.edif ...
ngc2edif: Total memory usage is 84624 kilobytes

Release 14.4 - ngc2edif P.49d (nt64)
Copyright (c) 1995-2012 Xilinx, Inc.  All rights reserved.
Reading design System.ngc ...
WARNING:NetListWriters:298 - No output is written to System.xncf, ignored.
Processing design ...
   Preping design's networks ...
   Preping design's macros ...
WARNING:NetListWriters:306 - Signal bus PC_jumper/Madd_output_add0000_lut<15 :
   0> on block System is not reconstructed, because there are some missing bus
   signals.
WARNING:NetListWriters:306 - Signal bus exe_mem_part/mem_out<11 : 0> on block
   System is not reconstructed, because there are some missing bus signals.
WARNING:NetListWriters:306 - Signal bus exec_id<7 : 0> on block System is not
   reconstructed, because there are some missing bus signals.
WARNING:NetListWriters:306 - Signal bus id_exe_part/exe_out<7 : 1> on block
   System is not reconstructed, because there are some missing bus signals.
WARNING:NetListWriters:306 - Signal bus id_exe_part/mem_out<11 : 0> on block
   System is not reconstructed, because there are some missing bus signals.
WARNING:NetListWriters:306 - Signal bus id_exe_part/s10_0_out<9 : 0> on block
   System is not reconstructed, because there are some missing bus signals.
WARNING:NetListWriters:306 - Signal bus if_id_part/ins_out<15 : 0> on block
   System is not reconstructed, because there are some missing bus signals.
WARNING:NetListWriters:306 - Signal bus ins_if<14 : 0> on block System is not
   reconstructed, because there are some missing bus signals.
WARNING:NetListWriters:306 - Signal bus memc<11 : 8> on block System is not
   reconstructed, because there are some missing bus signals.
WARNING:NetListWriters:306 - Signal bus memc_exe<11 : 0> on block System is not
   reconstructed, because there are some missing bus signals.
WARNING:NetListWriters:306 - Signal bus memc_id<11 : 0> on block System is not
   reconstructed, because there are some missing bus signals.
  finished :Prep
Writing EDIF netlist file System.edif ...
ngc2edif: Total memory usage is 84432 kilobytes

Release 14.4 - ngc2edif P.49d (nt64)
Copyright (c) 1995-2012 Xilinx, Inc.  All rights reserved.
Reading design System.ngc ...
WARNING:NetListWriters:298 - No output is written to System.xncf, ignored.
Processing design ...
   Preping design's networks ...
   Preping design's macros ...
WARNING:NetListWriters:306 - Signal bus PC_jumper/Madd_output_add0000_lut<15 :
   0> on block System is not reconstructed, because there are some missing bus
   signals.
WARNING:NetListWriters:306 - Signal bus exe_mem_part/mem_out<11 : 0> on block
   System is not reconstructed, because there are some missing bus signals.
WARNING:NetListWriters:306 - Signal bus exec_id<7 : 0> on block System is not
   reconstructed, because there are some missing bus signals.
WARNING:NetListWriters:306 - Signal bus id_exe_part/exe_out<7 : 1> on block
   System is not reconstructed, because there are some missing bus signals.
WARNING:NetListWriters:306 - Signal bus id_exe_part/mem_out<11 : 0> on block
   System is not reconstructed, because there are some missing bus signals.
WARNING:NetListWriters:306 - Signal bus id_exe_part/s10_0_out<9 : 0> on block
   System is not reconstructed, because there are some missing bus signals.
WARNING:NetListWriters:306 - Signal bus if_id_part/ins_out<15 : 0> on block
   System is not reconstructed, because there are some missing bus signals.
WARNING:NetListWriters:306 - Signal bus ins_if<14 : 0> on block System is not
   reconstructed, because there are some missing bus signals.
WARNING:NetListWriters:306 - Signal bus memc_exe<11 : 0> on block System is not
   reconstructed, because there are some missing bus signals.
WARNING:NetListWriters:306 - Signal bus memc_id<11 : 0> on block System is not
   reconstructed, because there are some missing bus signals.
  finished :Prep
Writing EDIF netlist file System.edif ...
ngc2edif: Total memory usage is 92752 kilobytes

Release 14.4 - ngc2edif P.49d (nt64)
Copyright (c) 1995-2012 Xilinx, Inc.  All rights reserved.
Reading design System.ngc ...
WARNING:NetListWriters:298 - No output is written to System.xncf, ignored.
Processing design ...
   Preping design's networks ...
   Preping design's macros ...
WARNING:NetListWriters:306 - Signal bus PC_jumper/Madd_output_add0000_lut<15 :
   0> on block System is not reconstructed, because there are some missing bus
   signals.
WARNING:NetListWriters:306 - Signal bus exe_mem_part/mem_out<11 : 0> on block
   System is not reconstructed, because there are some missing bus signals.
WARNING:NetListWriters:306 - Signal bus exec_id<7 : 0> on block System is not
   reconstructed, because there are some missing bus signals.
WARNING:NetListWriters:306 - Signal bus id_exe_part/exe_out<7 : 1> on block
   System is not reconstructed, because there are some missing bus signals.
WARNING:NetListWriters:306 - Signal bus id_exe_part/mem_out<11 : 0> on block
   System is not reconstructed, because there are some missing bus signals.
WARNING:NetListWriters:306 - Signal bus id_exe_part/s10_0_out<9 : 0> on block
   System is not reconstructed, because there are some missing bus signals.
WARNING:NetListWriters:306 - Signal bus if_id_part/ins_out<15 : 0> on block
   System is not reconstructed, because there are some missing bus signals.
WARNING:NetListWriters:306 - Signal bus ins_if<14 : 0> on block System is not
   reconstructed, because there are some missing bus signals.
WARNING:NetListWriters:306 - Signal bus memc_exe<11 : 0> on block System is not
   reconstructed, because there are some missing bus signals.
WARNING:NetListWriters:306 - Signal bus memc_id<11 : 0> on block System is not
   reconstructed, because there are some missing bus signals.
  finished :Prep
Writing EDIF netlist file System.edif ...
ngc2edif: Total memory usage is 92944 kilobytes

Release 14.4 - ngc2edif P.49d (nt64)
Copyright (c) 1995-2012 Xilinx, Inc.  All rights reserved.
Reading design System.ngc ...
WARNING:NetListWriters:298 - No output is written to System.xncf, ignored.
Processing design ...
   Preping design's networks ...
   Preping design's macros ...
WARNING:NetListWriters:306 - Signal bus exec<9 : 6> on block System is not
   reconstructed, because there are some missing bus signals.
  finished :Prep
Writing EDIF netlist file System.edif ...
ngc2edif: Total memory usage is 94608 kilobytes

Release 14.4 - ngc2edif P.49d (nt64)
Copyright (c) 1995-2012 Xilinx, Inc.  All rights reserved.
Reading design System.ngc ...
WARNING:NetListWriters:298 - No output is written to System.xncf, ignored.
Processing design ...
   Preping design's networks ...
   Preping design's macros ...
WARNING:NetListWriters:306 - Signal bus exec<9 : 6> on block System is not
   reconstructed, because there are some missing bus signals.
  finished :Prep
Writing EDIF netlist file System.edif ...
ngc2edif: Total memory usage is 92452 kilobytes

Release 14.4 - ngc2edif P.49d (nt64)
Copyright (c) 1995-2012 Xilinx, Inc.  All rights reserved.
Reading design System.ngc ...
WARNING:NetListWriters:298 - No output is written to System.xncf, ignored.
Processing design ...
   Preping design's networks ...
   Preping design's macros ...
WARNING:NetListWriters:306 - Signal bus exec<9 : 6> on block System is not
   reconstructed, because there are some missing bus signals.
  finished :Prep
Writing EDIF netlist file System.edif ...
ngc2edif: Total memory usage is 85456 kilobytes

