Release 14.4 Map P.49d (nt64)
Xilinx Mapping Report File for Design 'System'

Design Information
------------------
Command Line   : map -intstyle ise -p xc3s1200e-fg320-4 -cm area -ir off -pr off
-c 100 -o System_map.ncd System.ngd System.pcf 
Target Device  : xc3s1200e
Target Package : fg320
Target Speed   : -4
Mapper Version : spartan3e -- $Revision: 1.55 $
Mapped Date    : Fri Dec 06 01:04:37 2013

Design Summary
--------------
Number of errors:      0
Number of warnings:    3
Logic Utilization:
  Number of Slice Flip Flops:           725 out of  17,344    4%
  Number of 4 input LUTs:             2,709 out of  17,344   15%
Logic Distribution:
  Number of occupied Slices:          1,658 out of   8,672   19%
    Number of Slices containing only related logic:   1,658 out of   1,658 100%
    Number of Slices containing unrelated logic:          0 out of   1,658   0%
      *See NOTES below for an explanation of the effects of unrelated logic.
  Total Number of 4 input LUTs:       2,749 out of  17,344   15%
    Number used as logic:             2,709
    Number used as a route-thru:         40

  The Slice Logic Distribution report is not meaningful if the design is
  over-mapped for a non-slice resource or if Placement fails.

  Number of bonded IOBs:                 72 out of     250   28%
  Number of BUFGMUXs:                     4 out of      24   16%

Average Fanout of Non-Clock Nets:                3.96

Peak Memory Usage:  362 MB
Total REAL time to MAP completion:  8 secs 
Total CPU time to MAP completion:   7 secs 

NOTES:

   Related logic is defined as being logic that shares connectivity - e.g. two
   LUTs are "related" if they share common inputs.  When assembling slices,
   Map gives priority to combine logic that is related.  Doing so results in
   the best timing performance.

   Unrelated logic shares no connectivity.  Map will only begin packing
   unrelated logic into a slice once 99% of the slices are occupied through
   related logic packing.

   Note that once logic distribution reaches the 99% level through related
   logic packing, this does not mean the device is completely utilized.
   Unrelated logic packing will then begin, continuing until all usable LUTs
   and FFs are occupied.  Depending on your timing budget, increased levels of
   unrelated logic packing may adversely affect the overall timing performance
   of your design.

Table of Contents
-----------------
Section 1 - Errors
Section 2 - Warnings
Section 3 - Informational
Section 4 - Removed Logic Summary
Section 5 - Removed Logic
Section 6 - IOB Properties
Section 7 - RPMs
Section 8 - Guide Report
Section 9 - Area Group and Partition Summary
Section 10 - Timing Report
Section 11 - Configuration String Information
Section 12 - Control Set Information
Section 13 - Utilization by Hierarchy

Section 1 - Errors
------------------

Section 2 - Warnings
--------------------
WARNING:Pack:266 - The function generator VGA_part/Mrom__rom0000265 failed to
   merge with F5 multiplexer VGA_part/Mrom__rom0000265_f6/MUXF5.I1.  Unable to
   resolve the conflicts between two or more collections of symbols which have
   restrictive placement or routing requirements.  The original symbols are:
   	MUXF5 symbol "VGA_part/Mrom__rom0000265_f6/MUXF5.I1" (Output Signal =
   VGA_part/Mrom__rom0000265_f6/F5.I1)
   	LUT symbol "VGA_part/Mrom__rom0000265" (Output Signal =
   VGA_part/Mrom__rom0000262)
   	MUXF6 symbol "VGA_part/Mrom__rom0000265_f6/MUXF6" (Output Signal =
   VGA_part/Mrom__rom0000265_f6)
   	MUXF6 symbol "VGA_part/Mrom__rom0000262_f6/MUXF6" (Output Signal =
   VGA_part/Mrom__rom0000262_f6)
   	MUXF5 symbol "VGA_part/Mrom__rom0000262_f6/MUXF5.I1" (Output Signal =
   VGA_part/Mrom__rom0000262_f6/F5.I1)
   Failure 1:  Unable to combine the following symbols into a single slice.
   	MUXF6 symbol "VGA_part/Mrom__rom0000265_f7" (Output Signal =
   VGA_part/Mrom__rom0000265_f7)
   	MUXF5 symbol "VGA_part/Mrom__rom0000265_f5" (Output Signal =
   VGA_part/Mrom__rom0000265_f5)
   	MUXF6 symbol "VGA_part/Mrom__rom0000262_f7" (Output Signal =
   VGA_part/Mrom__rom0000262_f7)
   	MUXF5 symbol "VGA_part/Mrom__rom0000262_f5" (Output Signal =
   VGA_part/Mrom__rom0000262_f5)
   There is more than one MUXF6.
   Failure 2:  Unable to combine the following symbols into a single slice.
   	MUXF5 symbol "VGA_part/Mrom__rom0000265_f5_1" (Output Signal =
   VGA_part/Mrom__rom0000265_f52)
   	MUXF5 symbol "VGA_part/Mrom__rom0000262_f5_0" (Output Signal =
   VGA_part/Mrom__rom0000262_f51)
   There is more than one F5MUX.
   Failure 3:  Unable to combine the following symbols into a single slice.
   	MUXF6 symbol "VGA_part/Mrom__rom0000265_f6/MUXF6" (Output Signal =
   VGA_part/Mrom__rom0000265_f6)
   	MUXF5 symbol "VGA_part/Mrom__rom0000265_f6/MUXF5.I1" (Output Signal =
   VGA_part/Mrom__rom0000265_f6/F5.I1)
   	MUXF6 symbol "VGA_part/Mrom__rom0000262_f6/MUXF6" (Output Signal =
   VGA_part/Mrom__rom0000262_f6)
   	MUXF5 symbol "VGA_part/Mrom__rom0000262_f6/MUXF5.I1" (Output Signal =
   VGA_part/Mrom__rom0000262_f6/F5.I1)
   	LUT symbol "VGA_part/Mrom__rom0000265" (Output Signal =
   VGA_part/Mrom__rom0000262)
   There is more than one MUXF6.
   Failure 4:  Unable to combine the following symbols into a single slice.
   	MUXF6 symbol "VGA_part/Mrom__rom0000265_f6_0" (Output Signal =
   VGA_part/Mrom__rom0000265_f61)
   	MUXF5 symbol "VGA_part/Mrom__rom0000265_f5_0" (Output Signal =
   VGA_part/Mrom__rom0000265_f51)
   	MUXF6 symbol "VGA_part/Mrom__rom0000262_f6_0/MUXF6" (Output Signal =
   VGA_part/Mrom__rom0000262_f61)
   	MUXF5 symbol "VGA_part/Mrom__rom0000262_f6_0/MUXF5.I1" (Output Signal =
   VGA_part/Mrom__rom0000262_f6_0/F5.I1)
   There is more than one MUXF6.
     The design will exhibit suboptimal timing.
WARNING:Pack:266 - The function generator VGA_part/B_cmp_eq01271 failed to merge
   with F5 multiplexer VGA_part/G_mux0001<0>1139_f5.  There is a conflict for
   the FXMUX.  The design will exhibit suboptimal timing.
WARNING:Pack:266 - The function generator VGA_part/Mrom__rom0000264 failed to
   merge with F5 multiplexer VGA_part/Mrom__rom0000264_f6/MUXF5.I1.  Unable to
   resolve the conflicts between two or more collections of symbols which have
   restrictive placement or routing requirements.  The original symbols are:
   	MUXF5 symbol "VGA_part/Mrom__rom0000264_f6/MUXF5.I1" (Output Signal =
   VGA_part/Mrom__rom0000264_f6/F5.I1)
   	LUT symbol "VGA_part/Mrom__rom0000264" (Output Signal =
   VGA_part/Mrom__rom0000261)
   	MUXF6 symbol "VGA_part/Mrom__rom0000264_f6/MUXF6" (Output Signal =
   VGA_part/Mrom__rom0000264_f6)
   	MUXF6 symbol "VGA_part/Mrom__rom0000261_f6/MUXF6" (Output Signal =
   VGA_part/Mrom__rom0000261_f6)
   	MUXF5 symbol "VGA_part/Mrom__rom0000261_f6/MUXF5.I1" (Output Signal =
   VGA_part/Mrom__rom0000261_f6/F5.I1)
   Failure 1:  Unable to combine the following symbols into a single slice.
   	MUXF6 symbol "VGA_part/Mrom__rom0000264_f7" (Output Signal =
   VGA_part/Mrom__rom0000264_f7)
   	MUXF5 symbol "VGA_part/Mrom__rom0000264_f5" (Output Signal =
   VGA_part/Mrom__rom0000264_f5)
   	LUT symbol "VGA_part/Mrom__rom0000264_f51" (Output Signal =
   VGA_part/Mrom__rom0000264_f53)
   	LUT symbol "VGA_part/Mrom__rom00002641" (Output Signal =
   VGA_part/Mrom__rom00002641)
   	MUXF6 symbol "VGA_part/Mrom__rom0000261_f7" (Output Signal =
   VGA_part/Mrom__rom0000261_f7)
   	MUXF5 symbol "VGA_part/Mrom__rom0000261_f5" (Output Signal =
   VGA_part/Mrom__rom0000261_f5)
   	LUT symbol "VGA_part/Mrom__rom00002612" (Output Signal =
   VGA_part/Mrom__rom00002612)
   	LUT symbol "VGA_part/Mrom__rom00002611" (Output Signal =
   VGA_part/Mrom__rom00002611)
   There is more than one MUXF6.
   Failure 2:  Unable to combine the following symbols into a single slice.
   	MUXF5 symbol "VGA_part/Mrom__rom0000264_f5_1" (Output Signal =
   VGA_part/Mrom__rom0000264_f52)
   	LUT symbol "VGA_part/Mrom__rom00002646" (Output Signal =
   VGA_part/Mrom__rom00002646)
   	LUT symbol "VGA_part/Mrom__rom0000264_f5_11" (Output Signal =
   VGA_part/Mrom__rom0000264_f5_1)
   	MUXF5 symbol "VGA_part/Mrom__rom0000261_f5_1" (Output Signal =
   VGA_part/Mrom__rom0000261_f52)
   	LUT symbol "VGA_part/Mrom__rom00002616" (Output Signal =
   VGA_part/Mrom__rom00002616)
   	LUT symbol "VGA_part/Mrom__rom00002645" (Output Signal =
   VGA_part/Mrom__rom00002615)
   There is more than one F5MUX.
   Failure 3:  Unable to combine the following symbols into a single slice.
   	MUXF6 symbol "VGA_part/Mrom__rom0000264_f6/MUXF6" (Output Signal =
   VGA_part/Mrom__rom0000264_f6)
   	MUXF5 symbol "VGA_part/Mrom__rom0000264_f6/MUXF5.I1" (Output Signal =
   VGA_part/Mrom__rom0000264_f6/F5.I1)
   	MUXF6 symbol "VGA_part/Mrom__rom0000261_f6/MUXF6" (Output Signal =
   VGA_part/Mrom__rom0000261_f6)
   	MUXF5 symbol "VGA_part/Mrom__rom0000261_f6/MUXF5.I1" (Output Signal =
   VGA_part/Mrom__rom0000261_f6/F5.I1)
   	LUT symbol "VGA_part/Mrom__rom0000264" (Output Signal =
   VGA_part/Mrom__rom0000261)
   There is more than one MUXF6.
   Failure 4:  Unable to combine the following symbols into a single slice.
   	MUXF6 symbol "VGA_part/Mrom__rom0000264_f6_0" (Output Signal =
   VGA_part/Mrom__rom0000264_f61)
   	MUXF5 symbol "VGA_part/Mrom__rom0000264_f5_0" (Output Signal =
   VGA_part/Mrom__rom0000264_f51)
   	LUT symbol "VGA_part/Mrom__rom00002644" (Output Signal =
   VGA_part/Mrom__rom00002644)
   	LUT symbol "VGA_part/Mrom__rom0000264_f5_01" (Output Signal =
   VGA_part/Mrom__rom0000264_f5_0)
   	MUXF6 symbol "VGA_part/Mrom__rom0000261_f6_0" (Output Signal =
   VGA_part/Mrom__rom0000261_f61)
   	MUXF5 symbol "VGA_part/Mrom__rom0000261_f5_0" (Output Signal =
   VGA_part/Mrom__rom0000261_f51)
   	LUT symbol "VGA_part/Mrom__rom00002614" (Output Signal =
   VGA_part/Mrom__rom00002614)
   	LUT symbol "VGA_part/Mrom__rom00002613" (Output Signal =
   VGA_part/Mrom__rom00002613)
   There is more than one MUXF6.
     The design will exhibit suboptimal timing.

Section 3 - Informational
-------------------------
INFO:LIT:243 - Logical network ALU_unit/result_shift0006<15>1/LO has no load.
INFO:MapLib:562 - No environment variables are currently set.
INFO:LIT:244 - All of the single ended outputs in this design are using slew
   rate limited output drivers. The delay on speed critical single ended outputs
   can be dramatically reduced by designating them as fast outputs.

Section 4 - Removed Logic Summary
---------------------------------
   1 block(s) removed
   2 block(s) optimized away
   1 signal(s) removed

Section 5 - Removed Logic
-------------------------

The trimmed logic report below shows the logic removed from your design due to
sourceless or loadless signals, and VCC or ground connections.  If the removal
of a signal or symbol results in the subsequent removal of an additional signal
or symbol, the message explaining that second removal will be indented.  This
indentation will be repeated as a chain of related logic is removed.

To quickly locate the original cause for the removal of a chain of logic, look
above the place where that logic is listed in the trimming report, then locate
the lines that are least indented (begin at the leftmost edge).

The signal "ALU_unit/result_shift0006<15>1/LO" is loadless and has been removed.
 Loadless block "ALU_unit/result_shift0006<15>1/LUT3_D_BUF" (BUF) removed.

Optimized Block(s):
TYPE 		BLOCK
GND 		XST_GND
VCC 		XST_VCC

To enable printing of redundant blocks removed and signals merged, set the
detailed map report option and rerun map.

Section 6 - IOB Properties
--------------------------

+---------------------------------------------------------------------------------------------------------------------------------------------------------+
| IOB Name                           | Type             | Direction | IO Standard          | Diff  | Drive    | Slew | Reg (s)      | Resistor | IOB      |
|                                    |                  |           |                      | Term  | Strength | Rate |              |          | Delay    |
+---------------------------------------------------------------------------------------------------------------------------------------------------------+
| B<0>                               | IOB              | OUTPUT    | LVCMOS25             |       | 12       | SLOW |              |          | 0 / 0    |
| B<1>                               | IOB              | OUTPUT    | LVCMOS25             |       | 12       | SLOW |              |          | 0 / 0    |
| B<2>                               | IOB              | OUTPUT    | LVCMOS25             |       | 12       | SLOW |              |          | 0 / 0    |
| G<0>                               | IOB              | OUTPUT    | LVCMOS25             |       | 12       | SLOW |              |          | 0 / 0    |
| G<1>                               | IOB              | OUTPUT    | LVCMOS25             |       | 12       | SLOW |              |          | 0 / 0    |
| G<2>                               | IOB              | OUTPUT    | LVCMOS25             |       | 12       | SLOW |              |          | 0 / 0    |
| Hs                                 | IOB              | OUTPUT    | LVCMOS25             |       | 12       | SLOW |              |          | 0 / 0    |
| R<0>                               | IOB              | OUTPUT    | LVCMOS25             |       | 12       | SLOW |              |          | 0 / 0    |
| R<1>                               | IOB              | OUTPUT    | LVCMOS25             |       | 12       | SLOW |              |          | 0 / 0    |
| R<2>                               | IOB              | OUTPUT    | LVCMOS25             |       | 12       | SLOW |              |          | 0 / 0    |
| Vs                                 | IOB              | OUTPUT    | LVCMOS25             |       | 12       | SLOW |              |          | 0 / 0    |
| clk                                | IBUF             | INPUT     | LVCMOS25             |       |          |      |              |          | 0 / 0    |
| data_ready                         | IBUF             | INPUT     | LVCMOS25             |       |          |      |              |          | 0 / 0    |
| out1<0>                            | IOB              | OUTPUT    | LVCMOS25             |       | 12       | SLOW |              |          | 0 / 0    |
| out1<1>                            | IOB              | OUTPUT    | LVCMOS25             |       | 12       | SLOW |              |          | 0 / 0    |
| out1<2>                            | IOB              | OUTPUT    | LVCMOS25             |       | 12       | SLOW |              |          | 0 / 0    |
| out1<3>                            | IOB              | OUTPUT    | LVCMOS25             |       | 12       | SLOW |              |          | 0 / 0    |
| out1<4>                            | IOB              | OUTPUT    | LVCMOS25             |       | 12       | SLOW |              |          | 0 / 0    |
| out1<5>                            | IOB              | OUTPUT    | LVCMOS25             |       | 12       | SLOW |              |          | 0 / 0    |
| out1<6>                            | IOB              | OUTPUT    | LVCMOS25             |       | 12       | SLOW |              |          | 0 / 0    |
| out1<7>                            | IOB              | OUTPUT    | LVCMOS25             |       | 12       | SLOW |              |          | 0 / 0    |
| out1<8>                            | IOB              | OUTPUT    | LVCMOS25             |       | 12       | SLOW |              |          | 0 / 0    |
| out1<9>                            | IOB              | OUTPUT    | LVCMOS25             |       | 12       | SLOW |              |          | 0 / 0    |
| out1<10>                           | IOB              | OUTPUT    | LVCMOS25             |       | 12       | SLOW |              |          | 0 / 0    |
| out1<11>                           | IOB              | OUTPUT    | LVCMOS25             |       | 12       | SLOW |              |          | 0 / 0    |
| out1<12>                           | IOB              | OUTPUT    | LVCMOS25             |       | 12       | SLOW |              |          | 0 / 0    |
| out1<13>                           | IOB              | OUTPUT    | LVCMOS25             |       | 12       | SLOW |              |          | 0 / 0    |
| out1<14>                           | IOB              | OUTPUT    | LVCMOS25             |       | 12       | SLOW |              |          | 0 / 0    |
| out1<15>                           | IOB              | OUTPUT    | LVCMOS25             |       | 12       | SLOW |              |          | 0 / 0    |
| ramaddr<0>                         | IOB              | OUTPUT    | LVCMOS25             |       | 12       | SLOW |              |          | 0 / 0    |
| ramaddr<1>                         | IOB              | OUTPUT    | LVCMOS25             |       | 12       | SLOW |              |          | 0 / 0    |
| ramaddr<2>                         | IOB              | OUTPUT    | LVCMOS25             |       | 12       | SLOW |              |          | 0 / 0    |
| ramaddr<3>                         | IOB              | OUTPUT    | LVCMOS25             |       | 12       | SLOW |              |          | 0 / 0    |
| ramaddr<4>                         | IOB              | OUTPUT    | LVCMOS25             |       | 12       | SLOW |              |          | 0 / 0    |
| ramaddr<5>                         | IOB              | OUTPUT    | LVCMOS25             |       | 12       | SLOW |              |          | 0 / 0    |
| ramaddr<6>                         | IOB              | OUTPUT    | LVCMOS25             |       | 12       | SLOW |              |          | 0 / 0    |
| ramaddr<7>                         | IOB              | OUTPUT    | LVCMOS25             |       | 12       | SLOW |              |          | 0 / 0    |
| ramaddr<8>                         | IOB              | OUTPUT    | LVCMOS25             |       | 12       | SLOW |              |          | 0 / 0    |
| ramaddr<9>                         | IOB              | OUTPUT    | LVCMOS25             |       | 12       | SLOW |              |          | 0 / 0    |
| ramaddr<10>                        | IOB              | OUTPUT    | LVCMOS25             |       | 12       | SLOW |              |          | 0 / 0    |
| ramaddr<11>                        | IOB              | OUTPUT    | LVCMOS25             |       | 12       | SLOW |              |          | 0 / 0    |
| ramaddr<12>                        | IOB              | OUTPUT    | LVCMOS25             |       | 12       | SLOW |              |          | 0 / 0    |
| ramaddr<13>                        | IOB              | OUTPUT    | LVCMOS25             |       | 12       | SLOW |              |          | 0 / 0    |
| ramaddr<14>                        | IOB              | OUTPUT    | LVCMOS25             |       | 12       | SLOW |              |          | 0 / 0    |
| ramaddr<15>                        | IOB              | OUTPUT    | LVCMOS25             |       | 12       | SLOW |              |          | 0 / 0    |
| ramaddr<16>                        | IOB              | OUTPUT    | LVCMOS25             |       | 12       | SLOW |              |          | 0 / 0    |
| ramaddr<17>                        | IOB              | OUTPUT    | LVCMOS25             |       | 12       | SLOW |              |          | 0 / 0    |
| ramdata<0>                         | IOB              | BIDIR     | LVCMOS25             |       | 12       | SLOW |              |          | 0 / 0    |
| ramdata<1>                         | IOB              | BIDIR     | LVCMOS25             |       | 12       | SLOW |              |          | 0 / 0    |
| ramdata<2>                         | IOB              | BIDIR     | LVCMOS25             |       | 12       | SLOW |              |          | 0 / 0    |
| ramdata<3>                         | IOB              | BIDIR     | LVCMOS25             |       | 12       | SLOW |              |          | 0 / 0    |
| ramdata<4>                         | IOB              | BIDIR     | LVCMOS25             |       | 12       | SLOW |              |          | 0 / 0    |
| ramdata<5>                         | IOB              | BIDIR     | LVCMOS25             |       | 12       | SLOW |              |          | 0 / 0    |
| ramdata<6>                         | IOB              | BIDIR     | LVCMOS25             |       | 12       | SLOW |              |          | 0 / 0    |
| ramdata<7>                         | IOB              | BIDIR     | LVCMOS25             |       | 12       | SLOW |              |          | 0 / 0    |
| ramdata<8>                         | IOB              | BIDIR     | LVCMOS25             |       | 12       | SLOW |              |          | 0 / 0    |
| ramdata<9>                         | IOB              | BIDIR     | LVCMOS25             |       | 12       | SLOW |              |          | 0 / 0    |
| ramdata<10>                        | IOB              | BIDIR     | LVCMOS25             |       | 12       | SLOW |              |          | 0 / 0    |
| ramdata<11>                        | IOB              | BIDIR     | LVCMOS25             |       | 12       | SLOW |              |          | 0 / 0    |
| ramdata<12>                        | IOB              | BIDIR     | LVCMOS25             |       | 12       | SLOW |              |          | 0 / 0    |
| ramdata<13>                        | IOB              | BIDIR     | LVCMOS25             |       | 12       | SLOW |              |          | 0 / 0    |
| ramdata<14>                        | IOB              | BIDIR     | LVCMOS25             |       | 12       | SLOW |              |          | 0 / 0    |
| ramdata<15>                        | IOB              | BIDIR     | LVCMOS25             |       | 12       | SLOW |              |          | 0 / 0    |
| ramen                              | IOB              | OUTPUT    | LVCMOS25             |       | 12       | SLOW |              |          | 0 / 0    |
| ramoe                              | IOB              | OUTPUT    | LVCMOS25             |       | 12       | SLOW |              |          | 0 / 0    |
| ramwe                              | IOB              | OUTPUT    | LVCMOS25             |       | 12       | SLOW |              |          | 0 / 0    |
| rdn                                | IOB              | OUTPUT    | LVCMOS25             |       | 12       | SLOW |              |          | 0 / 0    |
| rst                                | IBUF             | INPUT     | LVCMOS25             |       |          |      |              |          | 0 / 0    |
| scan                               | IBUF             | INPUT     | LVCMOS25             |       |          |      |              |          | 0 / 0    |
| tbre                               | IBUF             | INPUT     | LVCMOS25             |       |          |      |              |          | 0 / 0    |
| tsre                               | IBUF             | INPUT     | LVCMOS25             |       |          |      |              |          | 0 / 0    |
| wrn                                | IOB              | OUTPUT    | LVCMOS25             |       | 12       | SLOW |              |          | 0 / 0    |
+---------------------------------------------------------------------------------------------------------------------------------------------------------+

Section 7 - RPMs
----------------

Section 8 - Guide Report
------------------------
Guide not run on this design.

Section 9 - Area Group and Partition Summary
--------------------------------------------

Partition Implementation Status
-------------------------------

  No Partitions were found in this design.

-------------------------------

Area Group Information
----------------------

  No area groups were found in this design.

----------------------

Section 10 - Timing Report
--------------------------
This design was not run using timing mode.

Section 11 - Configuration String Details
-----------------------------------------
Use the "-detail" map option to print out Configuration Strings

Section 12 - Control Set Information
------------------------------------
No control set information for this architecture.

Section 13 - Utilization by Hierarchy
-------------------------------------
Use the "-detail" map option to print out the Utilization by Hierarchy section.
