Release 14.4 - ngc2edif P.49d (nt64)
Copyright (c) 1995-2012 Xilinx, Inc.  All rights reserved.
Reading design flash.ngc ...
WARNING:NetListWriters:298 - No output is written to flash.xncf, ignored.
Processing design ...
   Preping design's networks ...
   Preping design's macros ...
  finished :Prep
Writing EDIF netlist file flash.edif ...
ngc2edif: Total memory usage is 88676 kilobytes

Release 14.4 - ngc2edif P.49d (nt64)
Copyright (c) 1995-2012 Xilinx, Inc.  All rights reserved.
Reading design flash.ngc ...
WARNING:NetListWriters:298 - No output is written to flash.xncf, ignored.
Processing design ...
   Preping design's networks ...
   Preping design's macros ...
WARNING:NetListWriters:306 - Signal bus state_mux0002<4 : 1> on block flash is
   not reconstructed, because there are some missing bus signals.
  finished :Prep
Writing EDIF netlist file flash.edif ...
ngc2edif: Total memory usage is 82384 kilobytes

Release 14.4 - ngc2edif P.49d (nt64)
Copyright (c) 1995-2012 Xilinx, Inc.  All rights reserved.
Reading design flash.ngc ...
WARNING:NetListWriters:298 - No output is written to flash.xncf, ignored.
Processing design ...
   Preping design's networks ...
   Preping design's macros ...
WARNING:NetListWriters:306 - Signal bus state_mux0002<4 : 1> on block flash is
   not reconstructed, because there are some missing bus signals.
  finished :Prep
Writing EDIF netlist file flash.edif ...
ngc2edif: Total memory usage is 82384 kilobytes

Release 14.4 - ngc2edif P.49d (nt64)
Copyright (c) 1995-2012 Xilinx, Inc.  All rights reserved.
Reading design flash.ngc ...
WARNING:NetListWriters:298 - No output is written to flash.xncf, ignored.
Processing design ...
   Preping design's networks ...
   Preping design's macros ...
WARNING:NetListWriters:306 - Signal bus state_mux0002<4 : 1> on block flash is
   not reconstructed, because there are some missing bus signals.
  finished :Prep
Writing EDIF netlist file flash.edif ...
ngc2edif: Total memory usage is 86032 kilobytes

